2022-10-12 17:06:46,396 INFO  [restartedMain] com.tpe.SpringBootPrcApplication:Starting SpringBootPrcApplication using Java 11.0.15 on DESKTOP-9OGT767 with PID 9660 (C:\Users\pc\Documents\batch-82-83\spring-boot-prc\target\classes started by pc in C:\Users\pc\Documents\batch-82-83\spring-boot-prc)
2022-10-12 17:06:46,414 DEBUG [restartedMain] com.tpe.SpringBootPrcApplication:Running with Spring Boot v2.7.4, Spring v5.3.23
2022-10-12 17:06:46,415 INFO  [restartedMain] com.tpe.SpringBootPrcApplication:No active profile set, falling back to 1 default profile: "default"
2022-10-12 17:06:46,643 INFO  [restartedMain] org.springframework.boot.devtools.env.DevToolsPropertyDefaultsPostProcessor:Devtools property defaults active! Set 'spring.devtools.add-properties' to 'false' to disable
2022-10-12 17:06:46,645 INFO  [restartedMain] org.springframework.boot.devtools.env.DevToolsPropertyDefaultsPostProcessor:For additional web related logging consider setting the 'logging.level.web' property to 'DEBUG'
2022-10-12 17:06:48,755 INFO  [restartedMain] org.springframework.data.repository.config.RepositoryConfigurationDelegate:Bootstrapping Spring Data JPA repositories in DEFAULT mode.
2022-10-12 17:06:48,809 INFO  [restartedMain] org.springframework.data.repository.config.RepositoryConfigurationDelegate:Finished Spring Data repository scanning in 26 ms. Found 0 JPA repository interfaces.
2022-10-12 17:06:49,820 INFO  [restartedMain] org.springframework.context.support.PostProcessorRegistrationDelegate$BeanPostProcessorChecker:Bean 'org.springframework.ws.config.annotation.DelegatingWsConfiguration' of type [org.springframework.ws.config.annotation.DelegatingWsConfiguration$$EnhancerBySpringCGLIB$$146dbb49] is not eligible for getting processed by all BeanPostProcessors (for example: not eligible for auto-proxying)
2022-10-12 17:06:50,167 INFO  [restartedMain] org.springframework.ws.soap.addressing.server.AnnotationActionEndpointMapping:Supporting [WS-Addressing August 2004, WS-Addressing 1.0]
2022-10-12 17:06:51,459 INFO  [restartedMain] org.springframework.boot.web.embedded.tomcat.TomcatWebServer:Tomcat initialized with port(s): 8082 (http)
2022-10-12 17:06:51,502 INFO  [restartedMain] org.apache.catalina.core.StandardService:Starting service [Tomcat]
2022-10-12 17:06:51,503 INFO  [restartedMain] org.apache.catalina.core.StandardEngine:Starting Servlet engine: [Apache Tomcat/9.0.65]
2022-10-12 17:06:51,804 INFO  [restartedMain] org.apache.catalina.core.ContainerBase.[Tomcat].[localhost].[/]:Initializing Spring embedded WebApplicationContext
2022-10-12 17:06:51,805 INFO  [restartedMain] org.springframework.boot.web.servlet.context.ServletWebServerApplicationContext:Root WebApplicationContext: initialization completed in 5158 ms
2022-10-12 17:06:52,429 INFO  [restartedMain] org.hibernate.jpa.internal.util.LogHelper:HHH000204: Processing PersistenceUnitInfo [name: default]
2022-10-12 17:06:52,651 INFO  [restartedMain] org.hibernate.Version:HHH000412: Hibernate ORM core version 5.6.11.Final
2022-10-12 17:06:53,205 INFO  [restartedMain] org.hibernate.annotations.common.Version:HCANN000001: Hibernate Commons Annotations {5.1.2.Final}
2022-10-12 17:06:53,593 INFO  [restartedMain] com.zaxxer.hikari.HikariDataSource:HikariPool-1 - Starting...
2022-10-12 17:06:54,127 INFO  [restartedMain] com.zaxxer.hikari.HikariDataSource:HikariPool-1 - Start completed.
2022-10-12 17:06:54,205 INFO  [restartedMain] org.hibernate.dialect.Dialect:HHH000400: Using dialect: org.hibernate.dialect.PostgreSQL9Dialect
2022-10-12 17:06:56,427 INFO  [restartedMain] org.hibernate.engine.transaction.jta.platform.internal.JtaPlatformInitiator:HHH000490: Using JtaPlatform implementation: [org.hibernate.engine.transaction.jta.platform.internal.NoJtaPlatform]
2022-10-12 17:06:56,462 INFO  [restartedMain] org.springframework.orm.jpa.LocalContainerEntityManagerFactoryBean:Initialized JPA EntityManagerFactory for persistence unit 'default'
2022-10-12 17:06:56,614 WARN  [restartedMain] org.springframework.boot.autoconfigure.orm.jpa.JpaBaseConfiguration$JpaWebConfiguration:spring.jpa.open-in-view is enabled by default. Therefore, database queries may be performed during view rendering. Explicitly configure spring.jpa.open-in-view to disable this warning
2022-10-12 17:06:57,559 INFO  [restartedMain] org.springframework.boot.devtools.autoconfigure.OptionalLiveReloadServer:LiveReload server is running on port 35729
2022-10-12 17:06:57,658 INFO  [restartedMain] org.springframework.boot.web.embedded.tomcat.TomcatWebServer:Tomcat started on port(s): 8082 (http) with context path ''
2022-10-12 17:06:57,691 INFO  [restartedMain] com.tpe.SpringBootPrcApplication:Started SpringBootPrcApplication in 13.309 seconds (JVM running for 15.678)
2022-10-12 17:07:47,628 INFO  [RMI TCP Connection(2)-127.0.0.1] org.springframework.boot.admin.SpringApplicationAdminMXBeanRegistrar$SpringApplicationAdmin:Application shutdown requested.
2022-10-12 17:07:48,221 INFO  [RMI TCP Connection(2)-127.0.0.1] org.apache.catalina.core.StandardService:Stopping service [Tomcat]
2022-10-12 17:07:48,258 INFO  [RMI TCP Connection(2)-127.0.0.1] org.springframework.orm.jpa.LocalContainerEntityManagerFactoryBean:Closing JPA EntityManagerFactory for persistence unit 'default'
2022-10-12 17:07:48,268 INFO  [RMI TCP Connection(2)-127.0.0.1] com.zaxxer.hikari.HikariDataSource:HikariPool-1 - Shutdown initiated...
2022-10-12 17:07:48,280 INFO  [RMI TCP Connection(2)-127.0.0.1] com.zaxxer.hikari.HikariDataSource:HikariPool-1 - Shutdown completed.
2022-10-12 17:39:46,017 INFO  [restartedMain] com.tpe.SpringBootPrcApplication:Starting SpringBootPrcApplication using Java 11.0.15 on DESKTOP-9OGT767 with PID 9632 (C:\Users\pc\Documents\batch-82-83\spring-boot-prc\target\classes started by pc in C:\Users\pc\Documents\batch-82-83\spring-boot-prc)
2022-10-12 17:39:46,019 DEBUG [restartedMain] com.tpe.SpringBootPrcApplication:Running with Spring Boot v2.7.4, Spring v5.3.23
2022-10-12 17:39:46,021 INFO  [restartedMain] com.tpe.SpringBootPrcApplication:No active profile set, falling back to 1 default profile: "default"
2022-10-12 17:39:46,190 INFO  [restartedMain] org.springframework.boot.devtools.env.DevToolsPropertyDefaultsPostProcessor:Devtools property defaults active! Set 'spring.devtools.add-properties' to 'false' to disable
2022-10-12 17:39:46,192 INFO  [restartedMain] org.springframework.boot.devtools.env.DevToolsPropertyDefaultsPostProcessor:For additional web related logging consider setting the 'logging.level.web' property to 'DEBUG'
2022-10-12 17:39:48,622 INFO  [restartedMain] org.springframework.data.repository.config.RepositoryConfigurationDelegate:Bootstrapping Spring Data JPA repositories in DEFAULT mode.
2022-10-12 17:39:48,776 INFO  [restartedMain] org.springframework.data.repository.config.RepositoryConfigurationDelegate:Finished Spring Data repository scanning in 125 ms. Found 1 JPA repository interfaces.
2022-10-12 17:39:49,530 INFO  [restartedMain] org.springframework.context.support.PostProcessorRegistrationDelegate$BeanPostProcessorChecker:Bean 'org.springframework.ws.config.annotation.DelegatingWsConfiguration' of type [org.springframework.ws.config.annotation.DelegatingWsConfiguration$$EnhancerBySpringCGLIB$$776604d6] is not eligible for getting processed by all BeanPostProcessors (for example: not eligible for auto-proxying)
2022-10-12 17:39:49,677 INFO  [restartedMain] org.springframework.ws.soap.addressing.server.AnnotationActionEndpointMapping:Supporting [WS-Addressing August 2004, WS-Addressing 1.0]
2022-10-12 17:39:50,550 INFO  [restartedMain] org.springframework.boot.web.embedded.tomcat.TomcatWebServer:Tomcat initialized with port(s): 8082 (http)
2022-10-12 17:39:50,573 INFO  [restartedMain] org.apache.catalina.core.StandardService:Starting service [Tomcat]
2022-10-12 17:39:50,575 INFO  [restartedMain] org.apache.catalina.core.StandardEngine:Starting Servlet engine: [Apache Tomcat/9.0.65]
2022-10-12 17:39:50,821 INFO  [restartedMain] org.apache.catalina.core.ContainerBase.[Tomcat].[localhost].[/]:Initializing Spring embedded WebApplicationContext
2022-10-12 17:39:50,821 INFO  [restartedMain] org.springframework.boot.web.servlet.context.ServletWebServerApplicationContext:Root WebApplicationContext: initialization completed in 4626 ms
2022-10-12 17:39:51,330 INFO  [restartedMain] org.hibernate.jpa.internal.util.LogHelper:HHH000204: Processing PersistenceUnitInfo [name: default]
2022-10-12 17:39:51,500 INFO  [restartedMain] org.hibernate.Version:HHH000412: Hibernate ORM core version 5.6.11.Final
2022-10-12 17:39:52,034 INFO  [restartedMain] org.hibernate.annotations.common.Version:HCANN000001: Hibernate Commons Annotations {5.1.2.Final}
2022-10-12 17:39:52,538 INFO  [restartedMain] com.zaxxer.hikari.HikariDataSource:HikariPool-1 - Starting...
2022-10-12 17:39:52,890 INFO  [restartedMain] com.zaxxer.hikari.HikariDataSource:HikariPool-1 - Start completed.
2022-10-12 17:39:52,949 INFO  [restartedMain] org.hibernate.dialect.Dialect:HHH000400: Using dialect: org.hibernate.dialect.PostgreSQL9Dialect
2022-10-12 17:39:54,940 INFO  [restartedMain] org.hibernate.engine.transaction.jta.platform.internal.JtaPlatformInitiator:HHH000490: Using JtaPlatform implementation: [org.hibernate.engine.transaction.jta.platform.internal.NoJtaPlatform]
2022-10-12 17:39:54,969 INFO  [restartedMain] org.springframework.orm.jpa.LocalContainerEntityManagerFactoryBean:Initialized JPA EntityManagerFactory for persistence unit 'default'
2022-10-12 17:39:55,807 WARN  [restartedMain] org.springframework.boot.autoconfigure.orm.jpa.JpaBaseConfiguration$JpaWebConfiguration:spring.jpa.open-in-view is enabled by default. Therefore, database queries may be performed during view rendering. Explicitly configure spring.jpa.open-in-view to disable this warning
2022-10-12 17:39:56,731 INFO  [restartedMain] org.springframework.boot.devtools.autoconfigure.OptionalLiveReloadServer:LiveReload server is running on port 35729
2022-10-12 17:39:56,849 INFO  [restartedMain] org.springframework.boot.web.embedded.tomcat.TomcatWebServer:Tomcat started on port(s): 8082 (http) with context path ''
2022-10-12 17:39:56,878 INFO  [restartedMain] com.tpe.SpringBootPrcApplication:Started SpringBootPrcApplication in 12.36 seconds (JVM running for 15.78)
2022-10-12 17:41:40,110 INFO  [http-nio-8082-exec-1] org.apache.catalina.core.ContainerBase.[Tomcat].[localhost].[/]:Initializing Spring DispatcherServlet 'dispatcherServlet'
2022-10-12 17:47:19,397 INFO  [File Watcher] org.springframework.boot.devtools.autoconfigure.LocalDevToolsAutoConfiguration$RestartingClassPathChangeChangedEventListener:Restarting due to 1 class path change (0 additions, 0 deletions, 1 modification)
2022-10-12 17:47:19,897 INFO  [Thread-5] org.apache.catalina.core.StandardService:Stopping service [Tomcat]
2022-10-12 17:47:19,903 INFO  [Thread-5] org.apache.catalina.core.ContainerBase.[Tomcat].[localhost].[/]:Destroying Spring FrameworkServlet 'dispatcherServlet'
2022-10-12 17:47:19,946 INFO  [Thread-5] org.springframework.orm.jpa.LocalContainerEntityManagerFactoryBean:Closing JPA EntityManagerFactory for persistence unit 'default'
2022-10-12 17:47:19,958 INFO  [Thread-5] com.zaxxer.hikari.HikariDataSource:HikariPool-1 - Shutdown initiated...
2022-10-12 17:47:19,982 INFO  [Thread-5] com.zaxxer.hikari.HikariDataSource:HikariPool-1 - Shutdown completed.
2022-10-12 17:47:20,386 INFO  [restartedMain] com.tpe.SpringBootPrcApplication:Starting SpringBootPrcApplication using Java 11.0.15 on DESKTOP-9OGT767 with PID 9632 (C:\Users\pc\Documents\batch-82-83\spring-boot-prc\target\classes started by pc in C:\Users\pc\Documents\batch-82-83\spring-boot-prc)
2022-10-12 17:47:20,387 DEBUG [restartedMain] com.tpe.SpringBootPrcApplication:Running with Spring Boot v2.7.4, Spring v5.3.23
2022-10-12 17:47:20,389 INFO  [restartedMain] com.tpe.SpringBootPrcApplication:No active profile set, falling back to 1 default profile: "default"
2022-10-12 17:47:21,269 INFO  [restartedMain] org.springframework.data.repository.config.RepositoryConfigurationDelegate:Bootstrapping Spring Data JPA repositories in DEFAULT mode.
2022-10-12 17:47:21,306 INFO  [restartedMain] org.springframework.data.repository.config.RepositoryConfigurationDelegate:Finished Spring Data repository scanning in 35 ms. Found 1 JPA repository interfaces.
2022-10-12 17:47:21,578 INFO  [restartedMain] org.springframework.context.support.PostProcessorRegistrationDelegate$BeanPostProcessorChecker:Bean 'org.springframework.ws.config.annotation.DelegatingWsConfiguration' of type [org.springframework.ws.config.annotation.DelegatingWsConfiguration$$EnhancerBySpringCGLIB$$776604d6] is not eligible for getting processed by all BeanPostProcessors (for example: not eligible for auto-proxying)
2022-10-12 17:47:21,585 INFO  [restartedMain] org.springframework.ws.soap.addressing.server.AnnotationActionEndpointMapping:Supporting [WS-Addressing August 2004, WS-Addressing 1.0]
2022-10-12 17:47:21,929 INFO  [restartedMain] org.springframework.boot.web.embedded.tomcat.TomcatWebServer:Tomcat initialized with port(s): 8082 (http)
2022-10-12 17:47:21,932 INFO  [restartedMain] org.apache.catalina.core.StandardService:Starting service [Tomcat]
2022-10-12 17:47:21,933 INFO  [restartedMain] org.apache.catalina.core.StandardEngine:Starting Servlet engine: [Apache Tomcat/9.0.65]
2022-10-12 17:47:22,023 INFO  [restartedMain] org.apache.catalina.core.ContainerBase.[Tomcat].[localhost].[/]:Initializing Spring embedded WebApplicationContext
2022-10-12 17:47:22,024 INFO  [restartedMain] org.springframework.boot.web.servlet.context.ServletWebServerApplicationContext:Root WebApplicationContext: initialization completed in 1622 ms
2022-10-12 17:47:22,235 INFO  [restartedMain] org.hibernate.jpa.internal.util.LogHelper:HHH000204: Processing PersistenceUnitInfo [name: default]
2022-10-12 17:47:22,263 INFO  [restartedMain] com.zaxxer.hikari.HikariDataSource:HikariPool-2 - Starting...
2022-10-12 17:47:22,403 INFO  [restartedMain] com.zaxxer.hikari.HikariDataSource:HikariPool-2 - Start completed.
2022-10-12 17:47:22,404 INFO  [restartedMain] org.hibernate.dialect.Dialect:HHH000400: Using dialect: org.hibernate.dialect.PostgreSQL9Dialect
2022-10-12 17:47:22,555 INFO  [restartedMain] org.hibernate.engine.transaction.jta.platform.internal.JtaPlatformInitiator:HHH000490: Using JtaPlatform implementation: [org.hibernate.engine.transaction.jta.platform.internal.NoJtaPlatform]
2022-10-12 17:47:22,556 INFO  [restartedMain] org.springframework.orm.jpa.LocalContainerEntityManagerFactoryBean:Initialized JPA EntityManagerFactory for persistence unit 'default'
2022-10-12 17:47:22,594 WARN  [restartedMain] org.springframework.boot.web.servlet.context.AnnotationConfigServletWebServerApplicationContext:Exception encountered during context initialization - cancelling refresh attempt: org.springframework.beans.factory.UnsatisfiedDependencyException: Error creating bean with name 'studentBean04Controller' defined in file [C:\Users\pc\Documents\batch-82-83\spring-boot-prc\target\classes\com\tpe\controller\StudentBean04Controller.class]: Unsatisfied dependency expressed through constructor parameter 0; nested exception is org.springframework.beans.factory.BeanCreationException: Error creating bean with name 'studentBean04Service': Lookup method resolution failed; nested exception is java.lang.IllegalStateException: Failed to introspect Class [com.tpe.service.StudentBean04Service] from ClassLoader [org.springframework.boot.devtools.restart.classloader.RestartClassLoader@7a2faf12]
2022-10-12 17:47:22,594 INFO  [restartedMain] org.springframework.orm.jpa.LocalContainerEntityManagerFactoryBean:Closing JPA EntityManagerFactory for persistence unit 'default'
2022-10-12 17:47:22,595 INFO  [restartedMain] com.zaxxer.hikari.HikariDataSource:HikariPool-2 - Shutdown initiated...
2022-10-12 17:47:22,696 INFO  [restartedMain] com.zaxxer.hikari.HikariDataSource:HikariPool-2 - Shutdown completed.
2022-10-12 17:47:22,698 INFO  [restartedMain] org.apache.catalina.core.StandardService:Stopping service [Tomcat]
2022-10-12 17:47:22,717 INFO  [restartedMain] org.springframework.boot.autoconfigure.logging.ConditionEvaluationReportLoggingListener:

Error starting ApplicationContext. To display the conditions report re-run your application with 'debug' enabled.
2022-10-12 17:47:22,842 ERROR [restartedMain] org.springframework.boot.SpringApplication:Application run failed
org.springframework.beans.factory.UnsatisfiedDependencyException: Error creating bean with name 'studentBean04Controller' defined in file [C:\Users\pc\Documents\batch-82-83\spring-boot-prc\target\classes\com\tpe\controller\StudentBean04Controller.class]: Unsatisfied dependency expressed through constructor parameter 0; nested exception is org.springframework.beans.factory.BeanCreationException: Error creating bean with name 'studentBean04Service': Lookup method resolution failed; nested exception is java.lang.IllegalStateException: Failed to introspect Class [com.tpe.service.StudentBean04Service] from ClassLoader [org.springframework.boot.devtools.restart.classloader.RestartClassLoader@7a2faf12]
	at org.springframework.beans.factory.support.ConstructorResolver.createArgumentArray(ConstructorResolver.java:800) ~[spring-beans-5.3.23.jar:5.3.23]
	at org.springframework.beans.factory.support.ConstructorResolver.autowireConstructor(ConstructorResolver.java:229) ~[spring-beans-5.3.23.jar:5.3.23]
	at org.springframework.beans.factory.support.AbstractAutowireCapableBeanFactory.autowireConstructor(AbstractAutowireCapableBeanFactory.java:1372) ~[spring-beans-5.3.23.jar:5.3.23]
	at org.springframework.beans.factory.support.AbstractAutowireCapableBeanFactory.createBeanInstance(AbstractAutowireCapableBeanFactory.java:1222) ~[spring-beans-5.3.23.jar:5.3.23]
	at org.springframework.beans.factory.support.AbstractAutowireCapableBeanFactory.doCreateBean(AbstractAutowireCapableBeanFactory.java:582) ~[spring-beans-5.3.23.jar:5.3.23]
	at org.springframework.beans.factory.support.AbstractAutowireCapableBeanFactory.createBean(AbstractAutowireCapableBeanFactory.java:542) ~[spring-beans-5.3.23.jar:5.3.23]
	at org.springframework.beans.factory.support.AbstractBeanFactory.lambda$doGetBean$0(AbstractBeanFactory.java:335) ~[spring-beans-5.3.23.jar:5.3.23]
	at org.springframework.beans.factory.support.DefaultSingletonBeanRegistry.getSingleton(DefaultSingletonBeanRegistry.java:234) ~[spring-beans-5.3.23.jar:5.3.23]
	at org.springframework.beans.factory.support.AbstractBeanFactory.doGetBean(AbstractBeanFactory.java:333) ~[spring-beans-5.3.23.jar:5.3.23]
	at org.springframework.beans.factory.support.AbstractBeanFactory.getBean(AbstractBeanFactory.java:208) ~[spring-beans-5.3.23.jar:5.3.23]
	at org.springframework.beans.factory.support.DefaultListableBeanFactory.preInstantiateSingletons(DefaultListableBeanFactory.java:955) ~[spring-beans-5.3.23.jar:5.3.23]
	at org.springframework.context.support.AbstractApplicationContext.finishBeanFactoryInitialization(AbstractApplicationContext.java:918) ~[spring-context-5.3.23.jar:5.3.23]
	at org.springframework.context.support.AbstractApplicationContext.refresh(AbstractApplicationContext.java:583) ~[spring-context-5.3.23.jar:5.3.23]
	at org.springframework.boot.web.servlet.context.ServletWebServerApplicationContext.refresh(ServletWebServerApplicationContext.java:147) ~[spring-boot-2.7.4.jar:2.7.4]
	at org.springframework.boot.SpringApplication.refresh(SpringApplication.java:734) ~[spring-boot-2.7.4.jar:2.7.4]
	at org.springframework.boot.SpringApplication.refreshContext(SpringApplication.java:408) ~[spring-boot-2.7.4.jar:2.7.4]
	at org.springframework.boot.SpringApplication.run(SpringApplication.java:308) ~[spring-boot-2.7.4.jar:2.7.4]
	at org.springframework.boot.SpringApplication.run(SpringApplication.java:1306) ~[spring-boot-2.7.4.jar:2.7.4]
	at org.springframework.boot.SpringApplication.run(SpringApplication.java:1295) ~[spring-boot-2.7.4.jar:2.7.4]
	at com.tpe.SpringBootPrcApplication.main(SpringBootPrcApplication.java:10) ~[classes/:na]
	at java.base/jdk.internal.reflect.NativeMethodAccessorImpl.invoke0(Native Method) ~[na:na]
	at java.base/jdk.internal.reflect.NativeMethodAccessorImpl.invoke(NativeMethodAccessorImpl.java:62) ~[na:na]
	at java.base/jdk.internal.reflect.DelegatingMethodAccessorImpl.invoke(DelegatingMethodAccessorImpl.java:43) ~[na:na]
	at java.base/java.lang.reflect.Method.invoke(Method.java:566) ~[na:na]
	at org.springframework.boot.devtools.restart.RestartLauncher.run(RestartLauncher.java:49) ~[spring-boot-devtools-2.7.4.jar:2.7.4]
Caused by: org.springframework.beans.factory.BeanCreationException: Error creating bean with name 'studentBean04Service': Lookup method resolution failed; nested exception is java.lang.IllegalStateException: Failed to introspect Class [com.tpe.service.StudentBean04Service] from ClassLoader [org.springframework.boot.devtools.restart.classloader.RestartClassLoader@7a2faf12]
	at org.springframework.beans.factory.annotation.AutowiredAnnotationBeanPostProcessor.determineCandidateConstructors(AutowiredAnnotationBeanPostProcessor.java:289) ~[spring-beans-5.3.23.jar:5.3.23]
	at org.springframework.beans.factory.support.AbstractAutowireCapableBeanFactory.determineConstructorsFromBeanPostProcessors(AbstractAutowireCapableBeanFactory.java:1302) ~[spring-beans-5.3.23.jar:5.3.23]
	at org.springframework.beans.factory.support.AbstractAutowireCapableBeanFactory.createBeanInstance(AbstractAutowireCapableBeanFactory.java:1219) ~[spring-beans-5.3.23.jar:5.3.23]
	at org.springframework.beans.factory.support.AbstractAutowireCapableBeanFactory.doCreateBean(AbstractAutowireCapableBeanFactory.java:582) ~[spring-beans-5.3.23.jar:5.3.23]
	at org.springframework.beans.factory.support.AbstractAutowireCapableBeanFactory.createBean(AbstractAutowireCapableBeanFactory.java:542) ~[spring-beans-5.3.23.jar:5.3.23]
	at org.springframework.beans.factory.support.AbstractBeanFactory.lambda$doGetBean$0(AbstractBeanFactory.java:335) ~[spring-beans-5.3.23.jar:5.3.23]
	at org.springframework.beans.factory.support.DefaultSingletonBeanRegistry.getSingleton(DefaultSingletonBeanRegistry.java:234) ~[spring-beans-5.3.23.jar:5.3.23]
	at org.springframework.beans.factory.support.AbstractBeanFactory.doGetBean(AbstractBeanFactory.java:333) ~[spring-beans-5.3.23.jar:5.3.23]
	at org.springframework.beans.factory.support.AbstractBeanFactory.getBean(AbstractBeanFactory.java:208) ~[spring-beans-5.3.23.jar:5.3.23]
	at org.springframework.beans.factory.config.DependencyDescriptor.resolveCandidate(DependencyDescriptor.java:276) ~[spring-beans-5.3.23.jar:5.3.23]
	at org.springframework.beans.factory.support.DefaultListableBeanFactory.doResolveDependency(DefaultListableBeanFactory.java:1391) ~[spring-beans-5.3.23.jar:5.3.23]
	at org.springframework.beans.factory.support.DefaultListableBeanFactory.resolveDependency(DefaultListableBeanFactory.java:1311) ~[spring-beans-5.3.23.jar:5.3.23]
	at org.springframework.beans.factory.support.ConstructorResolver.resolveAutowiredArgument(ConstructorResolver.java:887) ~[spring-beans-5.3.23.jar:5.3.23]
	at org.springframework.beans.factory.support.ConstructorResolver.createArgumentArray(ConstructorResolver.java:791) ~[spring-beans-5.3.23.jar:5.3.23]
	... 24 common frames omitted
Caused by: java.lang.IllegalStateException: Failed to introspect Class [com.tpe.service.StudentBean04Service] from ClassLoader [org.springframework.boot.devtools.restart.classloader.RestartClassLoader@7a2faf12]
	at org.springframework.util.ReflectionUtils.getDeclaredMethods(ReflectionUtils.java:485) ~[spring-core-5.3.23.jar:5.3.23]
	at org.springframework.util.ReflectionUtils.doWithLocalMethods(ReflectionUtils.java:321) ~[spring-core-5.3.23.jar:5.3.23]
	at org.springframework.beans.factory.annotation.AutowiredAnnotationBeanPostProcessor.determineCandidateConstructors(AutowiredAnnotationBeanPostProcessor.java:267) ~[spring-beans-5.3.23.jar:5.3.23]
	... 37 common frames omitted
Caused by: java.lang.NoClassDefFoundError: List
	at java.base/java.lang.Class.getDeclaredMethods0(Native Method) ~[na:na]
	at java.base/java.lang.Class.privateGetDeclaredMethods(Class.java:3166) ~[na:na]
	at java.base/java.lang.Class.getDeclaredMethods(Class.java:2309) ~[na:na]
	at org.springframework.util.ReflectionUtils.getDeclaredMethods(ReflectionUtils.java:467) ~[spring-core-5.3.23.jar:5.3.23]
	... 39 common frames omitted
Caused by: java.lang.ClassNotFoundException: List
	at java.base/jdk.internal.loader.BuiltinClassLoader.loadClass(BuiltinClassLoader.java:581) ~[na:na]
	at java.base/jdk.internal.loader.ClassLoaders$AppClassLoader.loadClass(ClassLoaders.java:178) ~[na:na]
	at java.base/java.lang.ClassLoader.loadClass(ClassLoader.java:521) ~[na:na]
	at java.base/java.lang.Class.forName0(Native Method) ~[na:na]
	at java.base/java.lang.Class.forName(Class.java:398) ~[na:na]
	at org.springframework.boot.devtools.restart.classloader.RestartClassLoader.loadClass(RestartClassLoader.java:145) ~[spring-boot-devtools-2.7.4.jar:2.7.4]
	at java.base/java.lang.ClassLoader.loadClass(ClassLoader.java:521) ~[na:na]
	... 43 common frames omitted
2022-10-12 17:47:29,644 INFO  [restartedMain] com.tpe.SpringBootPrcApplication:Starting SpringBootPrcApplication using Java 11.0.15 on DESKTOP-9OGT767 with PID 9632 (C:\Users\pc\Documents\batch-82-83\spring-boot-prc\target\classes started by pc in C:\Users\pc\Documents\batch-82-83\spring-boot-prc)
2022-10-12 17:47:29,644 DEBUG [restartedMain] com.tpe.SpringBootPrcApplication:Running with Spring Boot v2.7.4, Spring v5.3.23
2022-10-12 17:47:29,645 INFO  [restartedMain] com.tpe.SpringBootPrcApplication:No active profile set, falling back to 1 default profile: "default"
2022-10-12 17:47:30,363 INFO  [restartedMain] org.springframework.data.repository.config.RepositoryConfigurationDelegate:Bootstrapping Spring Data JPA repositories in DEFAULT mode.
2022-10-12 17:47:30,393 INFO  [restartedMain] org.springframework.data.repository.config.RepositoryConfigurationDelegate:Finished Spring Data repository scanning in 29 ms. Found 1 JPA repository interfaces.
2022-10-12 17:47:30,674 INFO  [restartedMain] org.springframework.context.support.PostProcessorRegistrationDelegate$BeanPostProcessorChecker:Bean 'org.springframework.ws.config.annotation.DelegatingWsConfiguration' of type [org.springframework.ws.config.annotation.DelegatingWsConfiguration$$EnhancerBySpringCGLIB$$776604d6] is not eligible for getting processed by all BeanPostProcessors (for example: not eligible for auto-proxying)
2022-10-12 17:47:30,679 INFO  [restartedMain] org.springframework.ws.soap.addressing.server.AnnotationActionEndpointMapping:Supporting [WS-Addressing August 2004, WS-Addressing 1.0]
2022-10-12 17:47:30,813 INFO  [restartedMain] org.springframework.boot.web.embedded.tomcat.TomcatWebServer:Tomcat initialized with port(s): 8082 (http)
2022-10-12 17:47:30,815 INFO  [restartedMain] org.apache.catalina.core.StandardService:Starting service [Tomcat]
2022-10-12 17:47:30,816 INFO  [restartedMain] org.apache.catalina.core.StandardEngine:Starting Servlet engine: [Apache Tomcat/9.0.65]
2022-10-12 17:47:30,934 INFO  [restartedMain] org.apache.catalina.core.ContainerBase.[Tomcat-1].[localhost].[/]:Initializing Spring embedded WebApplicationContext
2022-10-12 17:47:30,934 INFO  [restartedMain] org.springframework.boot.web.servlet.context.ServletWebServerApplicationContext:Root WebApplicationContext: initialization completed in 1280 ms
2022-10-12 17:47:31,146 INFO  [restartedMain] org.hibernate.jpa.internal.util.LogHelper:HHH000204: Processing PersistenceUnitInfo [name: default]
2022-10-12 17:47:31,170 INFO  [restartedMain] com.zaxxer.hikari.HikariDataSource:HikariPool-3 - Starting...
2022-10-12 17:47:31,347 INFO  [restartedMain] com.zaxxer.hikari.HikariDataSource:HikariPool-3 - Start completed.
2022-10-12 17:47:31,349 INFO  [restartedMain] org.hibernate.dialect.Dialect:HHH000400: Using dialect: org.hibernate.dialect.PostgreSQL9Dialect
2022-10-12 17:47:31,487 INFO  [restartedMain] org.hibernate.engine.transaction.jta.platform.internal.JtaPlatformInitiator:HHH000490: Using JtaPlatform implementation: [org.hibernate.engine.transaction.jta.platform.internal.NoJtaPlatform]
2022-10-12 17:47:31,487 INFO  [restartedMain] org.springframework.orm.jpa.LocalContainerEntityManagerFactoryBean:Initialized JPA EntityManagerFactory for persistence unit 'default'
2022-10-12 17:47:31,762 WARN  [restartedMain] org.springframework.boot.autoconfigure.orm.jpa.JpaBaseConfiguration$JpaWebConfiguration:spring.jpa.open-in-view is enabled by default. Therefore, database queries may be performed during view rendering. Explicitly configure spring.jpa.open-in-view to disable this warning
2022-10-12 17:47:32,187 INFO  [restartedMain] org.springframework.boot.devtools.autoconfigure.OptionalLiveReloadServer:LiveReload server is running on port 35729
2022-10-12 17:47:32,282 INFO  [restartedMain] org.springframework.boot.web.embedded.tomcat.TomcatWebServer:Tomcat started on port(s): 8082 (http) with context path ''
2022-10-12 17:47:32,314 INFO  [restartedMain] com.tpe.SpringBootPrcApplication:Started SpringBootPrcApplication in 2.804 seconds (JVM running for 471.216)
2022-10-12 17:47:32,365 INFO  [restartedMain] org.springframework.boot.devtools.autoconfigure.ConditionEvaluationDeltaLoggingListener:Condition evaluation unchanged
2022-10-12 17:47:58,489 INFO  [File Watcher] org.springframework.boot.devtools.autoconfigure.LocalDevToolsAutoConfiguration$RestartingClassPathChangeChangedEventListener:Restarting due to 1 class path change (0 additions, 0 deletions, 1 modification)
2022-10-12 17:47:59,270 INFO  [Thread-7] org.apache.catalina.core.StandardService:Stopping service [Tomcat]
2022-10-12 17:47:59,296 INFO  [Thread-7] org.springframework.orm.jpa.LocalContainerEntityManagerFactoryBean:Closing JPA EntityManagerFactory for persistence unit 'default'
2022-10-12 17:47:59,298 INFO  [Thread-7] com.zaxxer.hikari.HikariDataSource:HikariPool-3 - Shutdown initiated...
2022-10-12 17:47:59,332 INFO  [Thread-7] com.zaxxer.hikari.HikariDataSource:HikariPool-3 - Shutdown completed.
2022-10-12 17:47:59,699 INFO  [restartedMain] com.tpe.SpringBootPrcApplication:Starting SpringBootPrcApplication using Java 11.0.15 on DESKTOP-9OGT767 with PID 9632 (C:\Users\pc\Documents\batch-82-83\spring-boot-prc\target\classes started by pc in C:\Users\pc\Documents\batch-82-83\spring-boot-prc)
2022-10-12 17:47:59,699 DEBUG [restartedMain] com.tpe.SpringBootPrcApplication:Running with Spring Boot v2.7.4, Spring v5.3.23
2022-10-12 17:47:59,700 INFO  [restartedMain] com.tpe.SpringBootPrcApplication:No active profile set, falling back to 1 default profile: "default"
2022-10-12 17:48:00,521 INFO  [restartedMain] org.springframework.data.repository.config.RepositoryConfigurationDelegate:Bootstrapping Spring Data JPA repositories in DEFAULT mode.
2022-10-12 17:48:00,554 INFO  [restartedMain] org.springframework.data.repository.config.RepositoryConfigurationDelegate:Finished Spring Data repository scanning in 31 ms. Found 1 JPA repository interfaces.
2022-10-12 17:48:00,696 INFO  [restartedMain] org.springframework.context.support.PostProcessorRegistrationDelegate$BeanPostProcessorChecker:Bean 'org.springframework.ws.config.annotation.DelegatingWsConfiguration' of type [org.springframework.ws.config.annotation.DelegatingWsConfiguration$$EnhancerBySpringCGLIB$$776604d6] is not eligible for getting processed by all BeanPostProcessors (for example: not eligible for auto-proxying)
2022-10-12 17:48:00,701 INFO  [restartedMain] org.springframework.ws.soap.addressing.server.AnnotationActionEndpointMapping:Supporting [WS-Addressing August 2004, WS-Addressing 1.0]
2022-10-12 17:48:00,855 INFO  [restartedMain] org.springframework.boot.web.embedded.tomcat.TomcatWebServer:Tomcat initialized with port(s): 8082 (http)
2022-10-12 17:48:00,856 INFO  [restartedMain] org.apache.catalina.core.StandardService:Starting service [Tomcat]
2022-10-12 17:48:00,857 INFO  [restartedMain] org.apache.catalina.core.StandardEngine:Starting Servlet engine: [Apache Tomcat/9.0.65]
2022-10-12 17:48:00,918 INFO  [restartedMain] org.apache.catalina.core.ContainerBase.[Tomcat-1].[localhost].[/]:Initializing Spring embedded WebApplicationContext
2022-10-12 17:48:00,919 INFO  [restartedMain] org.springframework.boot.web.servlet.context.ServletWebServerApplicationContext:Root WebApplicationContext: initialization completed in 1213 ms
2022-10-12 17:48:01,050 INFO  [restartedMain] org.hibernate.jpa.internal.util.LogHelper:HHH000204: Processing PersistenceUnitInfo [name: default]
2022-10-12 17:48:01,092 INFO  [restartedMain] com.zaxxer.hikari.HikariDataSource:HikariPool-4 - Starting...
2022-10-12 17:48:01,301 INFO  [restartedMain] com.zaxxer.hikari.HikariDataSource:HikariPool-4 - Start completed.
2022-10-12 17:48:01,303 INFO  [restartedMain] org.hibernate.dialect.Dialect:HHH000400: Using dialect: org.hibernate.dialect.PostgreSQL9Dialect
2022-10-12 17:48:01,445 INFO  [restartedMain] org.hibernate.engine.transaction.jta.platform.internal.JtaPlatformInitiator:HHH000490: Using JtaPlatform implementation: [org.hibernate.engine.transaction.jta.platform.internal.NoJtaPlatform]
2022-10-12 17:48:01,446 INFO  [restartedMain] org.springframework.orm.jpa.LocalContainerEntityManagerFactoryBean:Initialized JPA EntityManagerFactory for persistence unit 'default'
2022-10-12 17:48:01,475 WARN  [restartedMain] org.springframework.boot.web.servlet.context.AnnotationConfigServletWebServerApplicationContext:Exception encountered during context initialization - cancelling refresh attempt: org.springframework.beans.factory.BeanCreationException: Error creating bean with name 'studentBean04Controller': Lookup method resolution failed; nested exception is java.lang.IllegalStateException: Failed to introspect Class [com.tpe.controller.StudentBean04Controller] from ClassLoader [org.springframework.boot.devtools.restart.classloader.RestartClassLoader@48ba71bc]
2022-10-12 17:48:01,475 INFO  [restartedMain] org.springframework.orm.jpa.LocalContainerEntityManagerFactoryBean:Closing JPA EntityManagerFactory for persistence unit 'default'
2022-10-12 17:48:01,476 INFO  [restartedMain] com.zaxxer.hikari.HikariDataSource:HikariPool-4 - Shutdown initiated...
2022-10-12 17:48:01,701 INFO  [restartedMain] com.zaxxer.hikari.HikariDataSource:HikariPool-4 - Shutdown completed.
2022-10-12 17:48:01,701 INFO  [restartedMain] org.apache.catalina.core.StandardService:Stopping service [Tomcat]
2022-10-12 17:48:01,715 INFO  [restartedMain] org.springframework.boot.autoconfigure.logging.ConditionEvaluationReportLoggingListener:

Error starting ApplicationContext. To display the conditions report re-run your application with 'debug' enabled.
2022-10-12 17:48:01,821 ERROR [restartedMain] org.springframework.boot.SpringApplication:Application run failed
org.springframework.beans.factory.BeanCreationException: Error creating bean with name 'studentBean04Controller': Lookup method resolution failed; nested exception is java.lang.IllegalStateException: Failed to introspect Class [com.tpe.controller.StudentBean04Controller] from ClassLoader [org.springframework.boot.devtools.restart.classloader.RestartClassLoader@48ba71bc]
	at org.springframework.beans.factory.annotation.AutowiredAnnotationBeanPostProcessor.determineCandidateConstructors(AutowiredAnnotationBeanPostProcessor.java:289) ~[spring-beans-5.3.23.jar:5.3.23]
	at org.springframework.beans.factory.support.AbstractAutowireCapableBeanFactory.determineConstructorsFromBeanPostProcessors(AbstractAutowireCapableBeanFactory.java:1302) ~[spring-beans-5.3.23.jar:5.3.23]
	at org.springframework.beans.factory.support.AbstractAutowireCapableBeanFactory.createBeanInstance(AbstractAutowireCapableBeanFactory.java:1219) ~[spring-beans-5.3.23.jar:5.3.23]
	at org.springframework.beans.factory.support.AbstractAutowireCapableBeanFactory.doCreateBean(AbstractAutowireCapableBeanFactory.java:582) ~[spring-beans-5.3.23.jar:5.3.23]
	at org.springframework.beans.factory.support.AbstractAutowireCapableBeanFactory.createBean(AbstractAutowireCapableBeanFactory.java:542) ~[spring-beans-5.3.23.jar:5.3.23]
	at org.springframework.beans.factory.support.AbstractBeanFactory.lambda$doGetBean$0(AbstractBeanFactory.java:335) ~[spring-beans-5.3.23.jar:5.3.23]
	at org.springframework.beans.factory.support.DefaultSingletonBeanRegistry.getSingleton(DefaultSingletonBeanRegistry.java:234) ~[spring-beans-5.3.23.jar:5.3.23]
	at org.springframework.beans.factory.support.AbstractBeanFactory.doGetBean(AbstractBeanFactory.java:333) ~[spring-beans-5.3.23.jar:5.3.23]
	at org.springframework.beans.factory.support.AbstractBeanFactory.getBean(AbstractBeanFactory.java:208) ~[spring-beans-5.3.23.jar:5.3.23]
	at org.springframework.beans.factory.support.DefaultListableBeanFactory.preInstantiateSingletons(DefaultListableBeanFactory.java:955) ~[spring-beans-5.3.23.jar:5.3.23]
	at org.springframework.context.support.AbstractApplicationContext.finishBeanFactoryInitialization(AbstractApplicationContext.java:918) ~[spring-context-5.3.23.jar:5.3.23]
	at org.springframework.context.support.AbstractApplicationContext.refresh(AbstractApplicationContext.java:583) ~[spring-context-5.3.23.jar:5.3.23]
	at org.springframework.boot.web.servlet.context.ServletWebServerApplicationContext.refresh(ServletWebServerApplicationContext.java:147) ~[spring-boot-2.7.4.jar:2.7.4]
	at org.springframework.boot.SpringApplication.refresh(SpringApplication.java:734) ~[spring-boot-2.7.4.jar:2.7.4]
	at org.springframework.boot.SpringApplication.refreshContext(SpringApplication.java:408) ~[spring-boot-2.7.4.jar:2.7.4]
	at org.springframework.boot.SpringApplication.run(SpringApplication.java:308) ~[spring-boot-2.7.4.jar:2.7.4]
	at org.springframework.boot.SpringApplication.run(SpringApplication.java:1306) ~[spring-boot-2.7.4.jar:2.7.4]
	at org.springframework.boot.SpringApplication.run(SpringApplication.java:1295) ~[spring-boot-2.7.4.jar:2.7.4]
	at com.tpe.SpringBootPrcApplication.main(SpringBootPrcApplication.java:10) ~[classes/:na]
	at java.base/jdk.internal.reflect.NativeMethodAccessorImpl.invoke0(Native Method) ~[na:na]
	at java.base/jdk.internal.reflect.NativeMethodAccessorImpl.invoke(NativeMethodAccessorImpl.java:62) ~[na:na]
	at java.base/jdk.internal.reflect.DelegatingMethodAccessorImpl.invoke(DelegatingMethodAccessorImpl.java:43) ~[na:na]
	at java.base/java.lang.reflect.Method.invoke(Method.java:566) ~[na:na]
	at org.springframework.boot.devtools.restart.RestartLauncher.run(RestartLauncher.java:49) ~[spring-boot-devtools-2.7.4.jar:2.7.4]
Caused by: java.lang.IllegalStateException: Failed to introspect Class [com.tpe.controller.StudentBean04Controller] from ClassLoader [org.springframework.boot.devtools.restart.classloader.RestartClassLoader@48ba71bc]
	at org.springframework.util.ReflectionUtils.getDeclaredMethods(ReflectionUtils.java:485) ~[spring-core-5.3.23.jar:5.3.23]
	at org.springframework.util.ReflectionUtils.doWithLocalMethods(ReflectionUtils.java:321) ~[spring-core-5.3.23.jar:5.3.23]
	at org.springframework.beans.factory.annotation.AutowiredAnnotationBeanPostProcessor.determineCandidateConstructors(AutowiredAnnotationBeanPostProcessor.java:267) ~[spring-beans-5.3.23.jar:5.3.23]
	... 23 common frames omitted
Caused by: java.lang.NoClassDefFoundError: List
	at java.base/java.lang.Class.getDeclaredMethods0(Native Method) ~[na:na]
	at java.base/java.lang.Class.privateGetDeclaredMethods(Class.java:3166) ~[na:na]
	at java.base/java.lang.Class.getDeclaredMethods(Class.java:2309) ~[na:na]
	at org.springframework.util.ReflectionUtils.getDeclaredMethods(ReflectionUtils.java:467) ~[spring-core-5.3.23.jar:5.3.23]
	... 25 common frames omitted
Caused by: java.lang.ClassNotFoundException: List
	at java.base/jdk.internal.loader.BuiltinClassLoader.loadClass(BuiltinClassLoader.java:581) ~[na:na]
	at java.base/jdk.internal.loader.ClassLoaders$AppClassLoader.loadClass(ClassLoaders.java:178) ~[na:na]
	at java.base/java.lang.ClassLoader.loadClass(ClassLoader.java:521) ~[na:na]
	at java.base/java.lang.Class.forName0(Native Method) ~[na:na]
	at java.base/java.lang.Class.forName(Class.java:398) ~[na:na]
	at org.springframework.boot.devtools.restart.classloader.RestartClassLoader.loadClass(RestartClassLoader.java:145) ~[spring-boot-devtools-2.7.4.jar:2.7.4]
	at java.base/java.lang.ClassLoader.loadClass(ClassLoader.java:521) ~[na:na]
	... 29 common frames omitted
2022-10-12 17:48:03,366 INFO  [restartedMain] com.tpe.SpringBootPrcApplication:Starting SpringBootPrcApplication using Java 11.0.15 on DESKTOP-9OGT767 with PID 9632 (C:\Users\pc\Documents\batch-82-83\spring-boot-prc\target\classes started by pc in C:\Users\pc\Documents\batch-82-83\spring-boot-prc)
2022-10-12 17:48:03,368 DEBUG [restartedMain] com.tpe.SpringBootPrcApplication:Running with Spring Boot v2.7.4, Spring v5.3.23
2022-10-12 17:48:03,368 INFO  [restartedMain] com.tpe.SpringBootPrcApplication:No active profile set, falling back to 1 default profile: "default"
2022-10-12 17:48:03,878 INFO  [restartedMain] org.springframework.data.repository.config.RepositoryConfigurationDelegate:Bootstrapping Spring Data JPA repositories in DEFAULT mode.
2022-10-12 17:48:03,907 INFO  [restartedMain] org.springframework.data.repository.config.RepositoryConfigurationDelegate:Finished Spring Data repository scanning in 28 ms. Found 1 JPA repository interfaces.
2022-10-12 17:48:04,046 INFO  [restartedMain] org.springframework.context.support.PostProcessorRegistrationDelegate$BeanPostProcessorChecker:Bean 'org.springframework.ws.config.annotation.DelegatingWsConfiguration' of type [org.springframework.ws.config.annotation.DelegatingWsConfiguration$$EnhancerBySpringCGLIB$$776604d6] is not eligible for getting processed by all BeanPostProcessors (for example: not eligible for auto-proxying)
2022-10-12 17:48:04,049 INFO  [restartedMain] org.springframework.ws.soap.addressing.server.AnnotationActionEndpointMapping:Supporting [WS-Addressing August 2004, WS-Addressing 1.0]
2022-10-12 17:48:04,170 INFO  [restartedMain] org.springframework.boot.web.embedded.tomcat.TomcatWebServer:Tomcat initialized with port(s): 8082 (http)
2022-10-12 17:48:04,172 INFO  [restartedMain] org.apache.catalina.core.StandardService:Starting service [Tomcat]
2022-10-12 17:48:04,173 INFO  [restartedMain] org.apache.catalina.core.StandardEngine:Starting Servlet engine: [Apache Tomcat/9.0.65]
2022-10-12 17:48:04,225 INFO  [restartedMain] org.apache.catalina.core.ContainerBase.[Tomcat-2].[localhost].[/]:Initializing Spring embedded WebApplicationContext
2022-10-12 17:48:04,225 INFO  [restartedMain] org.springframework.boot.web.servlet.context.ServletWebServerApplicationContext:Root WebApplicationContext: initialization completed in 849 ms
2022-10-12 17:48:04,320 INFO  [restartedMain] org.hibernate.jpa.internal.util.LogHelper:HHH000204: Processing PersistenceUnitInfo [name: default]
2022-10-12 17:48:04,341 INFO  [restartedMain] com.zaxxer.hikari.HikariDataSource:HikariPool-5 - Starting...
2022-10-12 17:48:04,470 INFO  [restartedMain] com.zaxxer.hikari.HikariDataSource:HikariPool-5 - Start completed.
2022-10-12 17:48:04,470 INFO  [restartedMain] org.hibernate.dialect.Dialect:HHH000400: Using dialect: org.hibernate.dialect.PostgreSQL9Dialect
2022-10-12 17:48:04,586 INFO  [restartedMain] org.hibernate.engine.transaction.jta.platform.internal.JtaPlatformInitiator:HHH000490: Using JtaPlatform implementation: [org.hibernate.engine.transaction.jta.platform.internal.NoJtaPlatform]
2022-10-12 17:48:04,587 INFO  [restartedMain] org.springframework.orm.jpa.LocalContainerEntityManagerFactoryBean:Initialized JPA EntityManagerFactory for persistence unit 'default'
2022-10-12 17:48:04,837 WARN  [restartedMain] org.springframework.boot.autoconfigure.orm.jpa.JpaBaseConfiguration$JpaWebConfiguration:spring.jpa.open-in-view is enabled by default. Therefore, database queries may be performed during view rendering. Explicitly configure spring.jpa.open-in-view to disable this warning
2022-10-12 17:48:05,368 INFO  [restartedMain] org.springframework.boot.devtools.autoconfigure.OptionalLiveReloadServer:LiveReload server is running on port 35729
2022-10-12 17:48:05,410 INFO  [restartedMain] org.springframework.boot.web.embedded.tomcat.TomcatWebServer:Tomcat started on port(s): 8082 (http) with context path ''
2022-10-12 17:48:05,421 INFO  [restartedMain] com.tpe.SpringBootPrcApplication:Started SpringBootPrcApplication in 2.132 seconds (JVM running for 504.323)
2022-10-12 17:48:05,444 INFO  [restartedMain] org.springframework.boot.devtools.autoconfigure.ConditionEvaluationDeltaLoggingListener:Condition evaluation unchanged
2022-10-12 17:48:19,133 INFO  [http-nio-8082-exec-2] org.apache.catalina.core.ContainerBase.[Tomcat-2].[localhost].[/]:Initializing Spring DispatcherServlet 'dispatcherServlet'
2022-10-12 18:00:53,210 INFO  [RMI TCP Connection(2)-127.0.0.1] org.springframework.boot.admin.SpringApplicationAdminMXBeanRegistrar$SpringApplicationAdmin:Application shutdown requested.
2022-10-12 18:00:53,791 INFO  [File Watcher] org.springframework.boot.devtools.autoconfigure.LocalDevToolsAutoConfiguration$RestartingClassPathChangeChangedEventListener:Restarting due to 1 class path change (0 additions, 0 deletions, 1 modification)
2022-10-12 18:00:53,965 INFO  [RMI TCP Connection(2)-127.0.0.1] org.apache.catalina.core.StandardService:Stopping service [Tomcat]
2022-10-12 18:00:53,971 INFO  [RMI TCP Connection(2)-127.0.0.1] org.apache.catalina.core.ContainerBase.[Tomcat-2].[localhost].[/]:Destroying Spring FrameworkServlet 'dispatcherServlet'
2022-10-12 18:00:53,988 INFO  [RMI TCP Connection(2)-127.0.0.1] org.springframework.orm.jpa.LocalContainerEntityManagerFactoryBean:Closing JPA EntityManagerFactory for persistence unit 'default'
2022-10-12 18:00:53,990 INFO  [RMI TCP Connection(2)-127.0.0.1] com.zaxxer.hikari.HikariDataSource:HikariPool-5 - Shutdown initiated...
2022-10-12 18:00:54,039 INFO  [RMI TCP Connection(2)-127.0.0.1] com.zaxxer.hikari.HikariDataSource:HikariPool-5 - Shutdown completed.
2022-10-12 18:00:54,362 INFO  [restartedMain] com.tpe.SpringBootPrcApplication:Starting SpringBootPrcApplication using Java 11.0.15 on DESKTOP-9OGT767 with PID 9632 (C:\Users\pc\Documents\batch-82-83\spring-boot-prc\target\classes started by pc in C:\Users\pc\Documents\batch-82-83\spring-boot-prc)
2022-10-12 18:00:54,362 DEBUG [restartedMain] com.tpe.SpringBootPrcApplication:Running with Spring Boot v2.7.4, Spring v5.3.23
2022-10-12 18:00:54,362 INFO  [restartedMain] com.tpe.SpringBootPrcApplication:No active profile set, falling back to 1 default profile: "default"
2022-10-12 18:00:55,364 INFO  [restartedMain] org.springframework.data.repository.config.RepositoryConfigurationDelegate:Bootstrapping Spring Data JPA repositories in DEFAULT mode.
2022-10-12 18:00:55,397 INFO  [restartedMain] org.springframework.data.repository.config.RepositoryConfigurationDelegate:Finished Spring Data repository scanning in 31 ms. Found 1 JPA repository interfaces.
2022-10-12 18:00:55,564 INFO  [restartedMain] org.springframework.context.support.PostProcessorRegistrationDelegate$BeanPostProcessorChecker:Bean 'org.springframework.ws.config.annotation.DelegatingWsConfiguration' of type [org.springframework.ws.config.annotation.DelegatingWsConfiguration$$EnhancerBySpringCGLIB$$776604d6] is not eligible for getting processed by all BeanPostProcessors (for example: not eligible for auto-proxying)
2022-10-12 18:00:55,573 INFO  [restartedMain] org.springframework.ws.soap.addressing.server.AnnotationActionEndpointMapping:Supporting [WS-Addressing August 2004, WS-Addressing 1.0]
2022-10-12 18:00:55,703 INFO  [restartedMain] org.springframework.boot.web.embedded.tomcat.TomcatWebServer:Tomcat initialized with port(s): 8082 (http)
2022-10-12 18:00:55,705 INFO  [restartedMain] org.apache.catalina.core.StandardService:Starting service [Tomcat]
2022-10-12 18:00:55,705 INFO  [restartedMain] org.apache.catalina.core.StandardEngine:Starting Servlet engine: [Apache Tomcat/9.0.65]
2022-10-12 18:00:55,791 INFO  [restartedMain] org.apache.catalina.core.ContainerBase.[Tomcat-2].[localhost].[/]:Initializing Spring embedded WebApplicationContext
2022-10-12 18:00:55,791 INFO  [restartedMain] org.springframework.boot.web.servlet.context.ServletWebServerApplicationContext:Root WebApplicationContext: initialization completed in 1418 ms
2022-10-12 18:00:56,032 INFO  [restartedMain] org.hibernate.jpa.internal.util.LogHelper:HHH000204: Processing PersistenceUnitInfo [name: default]
2022-10-12 18:00:56,066 INFO  [restartedMain] com.zaxxer.hikari.HikariDataSource:HikariPool-6 - Starting...
2022-10-12 18:00:56,249 INFO  [restartedMain] com.zaxxer.hikari.HikariDataSource:HikariPool-6 - Start completed.
2022-10-12 18:00:56,250 INFO  [restartedMain] org.hibernate.dialect.Dialect:HHH000400: Using dialect: org.hibernate.dialect.PostgreSQL9Dialect
2022-10-12 18:00:56,381 INFO  [restartedMain] org.hibernate.engine.transaction.jta.platform.internal.JtaPlatformInitiator:HHH000490: Using JtaPlatform implementation: [org.hibernate.engine.transaction.jta.platform.internal.NoJtaPlatform]
2022-10-12 18:00:56,382 INFO  [restartedMain] org.springframework.orm.jpa.LocalContainerEntityManagerFactoryBean:Initialized JPA EntityManagerFactory for persistence unit 'default'
2022-10-12 18:00:56,637 WARN  [restartedMain] org.springframework.boot.autoconfigure.orm.jpa.JpaBaseConfiguration$JpaWebConfiguration:spring.jpa.open-in-view is enabled by default. Therefore, database queries may be performed during view rendering. Explicitly configure spring.jpa.open-in-view to disable this warning
2022-10-12 18:00:57,120 INFO  [restartedMain] org.springframework.boot.devtools.autoconfigure.OptionalLiveReloadServer:LiveReload server is running on port 35729
2022-10-12 18:00:57,191 INFO  [restartedMain] org.springframework.boot.web.embedded.tomcat.TomcatWebServer:Tomcat started on port(s): 8082 (http) with context path ''
2022-10-12 18:00:57,216 INFO  [restartedMain] com.tpe.SpringBootPrcApplication:Started SpringBootPrcApplication in 3.013 seconds (JVM running for 1276.118)
2022-10-12 18:00:57,251 INFO  [restartedMain] org.springframework.boot.devtools.autoconfigure.ConditionEvaluationDeltaLoggingListener:Condition evaluation unchanged
2022-10-12 18:03:16,025 INFO  [restartedMain] com.tpe.SpringBootPrcApplication:Starting SpringBootPrcApplication using Java 11.0.15 on DESKTOP-9OGT767 with PID 12600 (C:\Users\pc\Documents\batch-82-83\spring-boot-prc\target\classes started by pc in C:\Users\pc\Documents\batch-82-83\spring-boot-prc)
2022-10-12 18:03:16,029 DEBUG [restartedMain] com.tpe.SpringBootPrcApplication:Running with Spring Boot v2.7.4, Spring v5.3.23
2022-10-12 18:03:16,031 INFO  [restartedMain] com.tpe.SpringBootPrcApplication:No active profile set, falling back to 1 default profile: "default"
2022-10-12 18:03:16,182 INFO  [restartedMain] org.springframework.boot.devtools.env.DevToolsPropertyDefaultsPostProcessor:Devtools property defaults active! Set 'spring.devtools.add-properties' to 'false' to disable
2022-10-12 18:03:16,183 INFO  [restartedMain] org.springframework.boot.devtools.env.DevToolsPropertyDefaultsPostProcessor:For additional web related logging consider setting the 'logging.level.web' property to 'DEBUG'
2022-10-12 18:03:18,024 INFO  [restartedMain] org.springframework.data.repository.config.RepositoryConfigurationDelegate:Bootstrapping Spring Data JPA repositories in DEFAULT mode.
2022-10-12 18:03:18,179 INFO  [restartedMain] org.springframework.data.repository.config.RepositoryConfigurationDelegate:Finished Spring Data repository scanning in 125 ms. Found 1 JPA repository interfaces.
2022-10-12 18:03:18,967 INFO  [restartedMain] org.springframework.context.support.PostProcessorRegistrationDelegate$BeanPostProcessorChecker:Bean 'org.springframework.ws.config.annotation.DelegatingWsConfiguration' of type [org.springframework.ws.config.annotation.DelegatingWsConfiguration$$EnhancerBySpringCGLIB$$2f41df03] is not eligible for getting processed by all BeanPostProcessors (for example: not eligible for auto-proxying)
2022-10-12 18:03:19,101 INFO  [restartedMain] org.springframework.ws.soap.addressing.server.AnnotationActionEndpointMapping:Supporting [WS-Addressing August 2004, WS-Addressing 1.0]
2022-10-12 18:03:20,017 INFO  [restartedMain] org.springframework.boot.web.embedded.tomcat.TomcatWebServer:Tomcat initialized with port(s): 8082 (http)
2022-10-12 18:03:20,046 INFO  [restartedMain] org.apache.catalina.core.StandardService:Starting service [Tomcat]
2022-10-12 18:03:20,047 INFO  [restartedMain] org.apache.catalina.core.StandardEngine:Starting Servlet engine: [Apache Tomcat/9.0.65]
2022-10-12 18:03:20,289 INFO  [restartedMain] org.apache.catalina.core.ContainerBase.[Tomcat].[localhost].[/]:Initializing Spring embedded WebApplicationContext
2022-10-12 18:03:20,291 INFO  [restartedMain] org.springframework.boot.web.servlet.context.ServletWebServerApplicationContext:Root WebApplicationContext: initialization completed in 4105 ms
2022-10-12 18:03:20,825 INFO  [restartedMain] org.hibernate.jpa.internal.util.LogHelper:HHH000204: Processing PersistenceUnitInfo [name: default]
2022-10-12 18:03:21,011 INFO  [restartedMain] org.hibernate.Version:HHH000412: Hibernate ORM core version 5.6.11.Final
2022-10-12 18:03:21,507 INFO  [restartedMain] org.hibernate.annotations.common.Version:HCANN000001: Hibernate Commons Annotations {5.1.2.Final}
2022-10-12 18:03:21,887 INFO  [restartedMain] com.zaxxer.hikari.HikariDataSource:HikariPool-1 - Starting...
2022-10-12 18:03:22,223 INFO  [restartedMain] com.zaxxer.hikari.HikariDataSource:HikariPool-1 - Start completed.
2022-10-12 18:03:22,280 INFO  [restartedMain] org.hibernate.dialect.Dialect:HHH000400: Using dialect: org.hibernate.dialect.PostgreSQL9Dialect
2022-10-12 18:03:24,918 INFO  [restartedMain] org.hibernate.engine.transaction.jta.platform.internal.JtaPlatformInitiator:HHH000490: Using JtaPlatform implementation: [org.hibernate.engine.transaction.jta.platform.internal.NoJtaPlatform]
2022-10-12 18:03:24,943 INFO  [restartedMain] org.springframework.orm.jpa.LocalContainerEntityManagerFactoryBean:Initialized JPA EntityManagerFactory for persistence unit 'default'
2022-10-12 18:03:25,828 WARN  [restartedMain] org.springframework.boot.autoconfigure.orm.jpa.JpaBaseConfiguration$JpaWebConfiguration:spring.jpa.open-in-view is enabled by default. Therefore, database queries may be performed during view rendering. Explicitly configure spring.jpa.open-in-view to disable this warning
2022-10-12 18:03:26,752 INFO  [restartedMain] org.springframework.boot.devtools.autoconfigure.OptionalLiveReloadServer:LiveReload server is running on port 35729
2022-10-12 18:03:26,853 INFO  [restartedMain] org.springframework.boot.web.embedded.tomcat.TomcatWebServer:Tomcat started on port(s): 8082 (http) with context path ''
2022-10-12 18:03:26,890 INFO  [restartedMain] com.tpe.SpringBootPrcApplication:Started SpringBootPrcApplication in 12.12 seconds (JVM running for 14.785)
2022-10-12 18:03:42,664 INFO  [http-nio-8082-exec-1] org.apache.catalina.core.ContainerBase.[Tomcat].[localhost].[/]:Initializing Spring DispatcherServlet 'dispatcherServlet'
2022-10-12 18:03:42,723 WARN  [http-nio-8082-exec-1] org.springframework.web.servlet.mvc.support.DefaultHandlerExceptionResolver:Resolved [org.springframework.web.HttpRequestMethodNotSupportedException: Request method 'POST' not supported]
2022-10-12 18:08:53,632 INFO  [RMI TCP Connection(2)-127.0.0.1] org.springframework.boot.admin.SpringApplicationAdminMXBeanRegistrar$SpringApplicationAdmin:Application shutdown requested.
2022-10-12 18:08:54,074 INFO  [RMI TCP Connection(2)-127.0.0.1] org.apache.catalina.core.StandardService:Stopping service [Tomcat]
2022-10-12 18:08:54,078 INFO  [RMI TCP Connection(2)-127.0.0.1] org.apache.catalina.core.ContainerBase.[Tomcat].[localhost].[/]:Destroying Spring FrameworkServlet 'dispatcherServlet'
2022-10-12 18:08:54,106 INFO  [RMI TCP Connection(2)-127.0.0.1] org.springframework.orm.jpa.LocalContainerEntityManagerFactoryBean:Closing JPA EntityManagerFactory for persistence unit 'default'
2022-10-12 18:08:54,115 INFO  [RMI TCP Connection(2)-127.0.0.1] com.zaxxer.hikari.HikariDataSource:HikariPool-1 - Shutdown initiated...
2022-10-12 18:08:54,138 INFO  [RMI TCP Connection(2)-127.0.0.1] com.zaxxer.hikari.HikariDataSource:HikariPool-1 - Shutdown completed.
2022-10-12 18:18:01,308 INFO  [restartedMain] com.tpe.SpringBootPrcApplication:Starting SpringBootPrcApplication using Java 11.0.15 on DESKTOP-9OGT767 with PID 5660 (C:\Users\pc\Documents\batch-82-83\spring-boot-prc\target\classes started by pc in C:\Users\pc\Documents\batch-82-83\spring-boot-prc)
2022-10-12 18:18:01,310 DEBUG [restartedMain] com.tpe.SpringBootPrcApplication:Running with Spring Boot v2.7.4, Spring v5.3.23
2022-10-12 18:18:01,312 INFO  [restartedMain] com.tpe.SpringBootPrcApplication:No active profile set, falling back to 1 default profile: "default"
2022-10-12 18:18:01,493 INFO  [restartedMain] org.springframework.boot.devtools.env.DevToolsPropertyDefaultsPostProcessor:Devtools property defaults active! Set 'spring.devtools.add-properties' to 'false' to disable
2022-10-12 18:18:01,494 INFO  [restartedMain] org.springframework.boot.devtools.env.DevToolsPropertyDefaultsPostProcessor:For additional web related logging consider setting the 'logging.level.web' property to 'DEBUG'
2022-10-12 18:18:03,332 INFO  [restartedMain] org.springframework.data.repository.config.RepositoryConfigurationDelegate:Bootstrapping Spring Data JPA repositories in DEFAULT mode.
2022-10-12 18:18:03,475 INFO  [restartedMain] org.springframework.data.repository.config.RepositoryConfigurationDelegate:Finished Spring Data repository scanning in 119 ms. Found 1 JPA repository interfaces.
2022-10-12 18:18:04,434 INFO  [restartedMain] org.springframework.context.support.PostProcessorRegistrationDelegate$BeanPostProcessorChecker:Bean 'org.springframework.ws.config.annotation.DelegatingWsConfiguration' of type [org.springframework.ws.config.annotation.DelegatingWsConfiguration$$EnhancerBySpringCGLIB$$5d989adc] is not eligible for getting processed by all BeanPostProcessors (for example: not eligible for auto-proxying)
2022-10-12 18:18:04,551 INFO  [restartedMain] org.springframework.ws.soap.addressing.server.AnnotationActionEndpointMapping:Supporting [WS-Addressing August 2004, WS-Addressing 1.0]
2022-10-12 18:18:05,326 INFO  [restartedMain] org.springframework.boot.web.embedded.tomcat.TomcatWebServer:Tomcat initialized with port(s): 8082 (http)
2022-10-12 18:18:05,347 INFO  [restartedMain] org.apache.catalina.core.StandardService:Starting service [Tomcat]
2022-10-12 18:18:05,348 INFO  [restartedMain] org.apache.catalina.core.StandardEngine:Starting Servlet engine: [Apache Tomcat/9.0.65]
2022-10-12 18:18:05,553 INFO  [restartedMain] org.apache.catalina.core.ContainerBase.[Tomcat].[localhost].[/]:Initializing Spring embedded WebApplicationContext
2022-10-12 18:18:05,553 INFO  [restartedMain] org.springframework.boot.web.servlet.context.ServletWebServerApplicationContext:Root WebApplicationContext: initialization completed in 4058 ms
2022-10-12 18:18:06,025 INFO  [restartedMain] org.hibernate.jpa.internal.util.LogHelper:HHH000204: Processing PersistenceUnitInfo [name: default]
2022-10-12 18:18:06,166 INFO  [restartedMain] org.hibernate.Version:HHH000412: Hibernate ORM core version 5.6.11.Final
2022-10-12 18:18:06,633 INFO  [restartedMain] org.hibernate.annotations.common.Version:HCANN000001: Hibernate Commons Annotations {5.1.2.Final}
2022-10-12 18:18:06,961 INFO  [restartedMain] com.zaxxer.hikari.HikariDataSource:HikariPool-1 - Starting...
2022-10-12 18:18:07,263 INFO  [restartedMain] com.zaxxer.hikari.HikariDataSource:HikariPool-1 - Start completed.
2022-10-12 18:18:07,325 INFO  [restartedMain] org.hibernate.dialect.Dialect:HHH000400: Using dialect: org.hibernate.dialect.PostgreSQL9Dialect
2022-10-12 18:18:09,088 INFO  [restartedMain] org.hibernate.engine.transaction.jta.platform.internal.JtaPlatformInitiator:HHH000490: Using JtaPlatform implementation: [org.hibernate.engine.transaction.jta.platform.internal.NoJtaPlatform]
2022-10-12 18:18:09,113 INFO  [restartedMain] org.springframework.orm.jpa.LocalContainerEntityManagerFactoryBean:Initialized JPA EntityManagerFactory for persistence unit 'default'
2022-10-12 18:18:09,919 WARN  [restartedMain] org.springframework.boot.autoconfigure.orm.jpa.JpaBaseConfiguration$JpaWebConfiguration:spring.jpa.open-in-view is enabled by default. Therefore, database queries may be performed during view rendering. Explicitly configure spring.jpa.open-in-view to disable this warning
2022-10-12 18:18:10,723 WARN  [restartedMain] org.springframework.boot.autoconfigure.security.servlet.UserDetailsServiceAutoConfiguration:

Using generated security password: 729b92d4-0b2f-489d-b779-bb3c9023fce9

This generated password is for development use only. Your security configuration must be updated before running your application in production.

2022-10-12 18:18:11,070 INFO  [restartedMain] org.springframework.security.web.DefaultSecurityFilterChain:Will secure any request with [org.springframework.security.web.session.DisableEncodeUrlFilter@6d72b9d2, org.springframework.security.web.context.request.async.WebAsyncManagerIntegrationFilter@2fac69d1, org.springframework.security.web.context.SecurityContextPersistenceFilter@341a7817, org.springframework.security.web.header.HeaderWriterFilter@3120029b, org.springframework.security.web.csrf.CsrfFilter@2438a32d, org.springframework.security.web.authentication.logout.LogoutFilter@12216a64, org.springframework.security.web.authentication.UsernamePasswordAuthenticationFilter@44e532d3, org.springframework.security.web.authentication.ui.DefaultLoginPageGeneratingFilter@3f26bba3, org.springframework.security.web.authentication.ui.DefaultLogoutPageGeneratingFilter@608392ce, org.springframework.security.web.authentication.www.BasicAuthenticationFilter@5f13b1fc, org.springframework.security.web.savedrequest.RequestCacheAwareFilter@29624095, org.springframework.security.web.servletapi.SecurityContextHolderAwareRequestFilter@6b057c91, org.springframework.security.web.authentication.AnonymousAuthenticationFilter@42cb9690, org.springframework.security.web.session.SessionManagementFilter@38cf314a, org.springframework.security.web.access.ExceptionTranslationFilter@2cb857ab, org.springframework.security.web.access.intercept.FilterSecurityInterceptor@1f5db8ac]
2022-10-12 18:18:11,250 INFO  [restartedMain] org.springframework.boot.devtools.autoconfigure.OptionalLiveReloadServer:LiveReload server is running on port 35729
2022-10-12 18:18:11,340 INFO  [restartedMain] org.springframework.boot.web.embedded.tomcat.TomcatWebServer:Tomcat started on port(s): 8082 (http) with context path ''
2022-10-12 18:18:11,381 INFO  [restartedMain] com.tpe.SpringBootPrcApplication:Started SpringBootPrcApplication in 11.615 seconds (JVM running for 14.058)
2022-10-12 18:19:17,015 INFO  [RMI TCP Connection(2)-127.0.0.1] org.springframework.boot.admin.SpringApplicationAdminMXBeanRegistrar$SpringApplicationAdmin:Application shutdown requested.
2022-10-12 18:19:17,374 INFO  [RMI TCP Connection(2)-127.0.0.1] org.apache.catalina.core.StandardService:Stopping service [Tomcat]
2022-10-12 18:19:17,409 INFO  [RMI TCP Connection(2)-127.0.0.1] org.springframework.orm.jpa.LocalContainerEntityManagerFactoryBean:Closing JPA EntityManagerFactory for persistence unit 'default'
2022-10-12 18:19:17,421 INFO  [RMI TCP Connection(2)-127.0.0.1] com.zaxxer.hikari.HikariDataSource:HikariPool-1 - Shutdown initiated...
2022-10-12 18:19:17,445 INFO  [RMI TCP Connection(2)-127.0.0.1] com.zaxxer.hikari.HikariDataSource:HikariPool-1 - Shutdown completed.
2022-10-12 18:19:33,487 INFO  [restartedMain] com.tpe.SpringBootPrcApplication:Starting SpringBootPrcApplication using Java 11.0.15 on DESKTOP-9OGT767 with PID 12916 (C:\Users\pc\Documents\batch-82-83\spring-boot-prc\target\classes started by pc in C:\Users\pc\Documents\batch-82-83\spring-boot-prc)
2022-10-12 18:19:33,490 DEBUG [restartedMain] com.tpe.SpringBootPrcApplication:Running with Spring Boot v2.7.4, Spring v5.3.23
2022-10-12 18:19:33,494 INFO  [restartedMain] com.tpe.SpringBootPrcApplication:No active profile set, falling back to 1 default profile: "default"
2022-10-12 18:19:33,646 INFO  [restartedMain] org.springframework.boot.devtools.env.DevToolsPropertyDefaultsPostProcessor:Devtools property defaults active! Set 'spring.devtools.add-properties' to 'false' to disable
2022-10-12 18:19:33,647 INFO  [restartedMain] org.springframework.boot.devtools.env.DevToolsPropertyDefaultsPostProcessor:For additional web related logging consider setting the 'logging.level.web' property to 'DEBUG'
2022-10-12 18:19:35,481 INFO  [restartedMain] org.springframework.data.repository.config.RepositoryConfigurationDelegate:Bootstrapping Spring Data JPA repositories in DEFAULT mode.
2022-10-12 18:19:35,631 INFO  [restartedMain] org.springframework.data.repository.config.RepositoryConfigurationDelegate:Finished Spring Data repository scanning in 120 ms. Found 1 JPA repository interfaces.
2022-10-12 18:19:36,540 INFO  [restartedMain] org.springframework.context.support.PostProcessorRegistrationDelegate$BeanPostProcessorChecker:Bean 'org.springframework.ws.config.annotation.DelegatingWsConfiguration' of type [org.springframework.ws.config.annotation.DelegatingWsConfiguration$$EnhancerBySpringCGLIB$$c3266d0] is not eligible for getting processed by all BeanPostProcessors (for example: not eligible for auto-proxying)
2022-10-12 18:19:36,681 INFO  [restartedMain] org.springframework.ws.soap.addressing.server.AnnotationActionEndpointMapping:Supporting [WS-Addressing August 2004, WS-Addressing 1.0]
2022-10-12 18:19:37,575 INFO  [restartedMain] org.springframework.boot.web.embedded.tomcat.TomcatWebServer:Tomcat initialized with port(s): 8082 (http)
2022-10-12 18:19:37,598 INFO  [restartedMain] org.apache.catalina.core.StandardService:Starting service [Tomcat]
2022-10-12 18:19:37,599 INFO  [restartedMain] org.apache.catalina.core.StandardEngine:Starting Servlet engine: [Apache Tomcat/9.0.65]
2022-10-12 18:19:37,880 INFO  [restartedMain] org.apache.catalina.core.ContainerBase.[Tomcat].[localhost].[/]:Initializing Spring embedded WebApplicationContext
2022-10-12 18:19:37,882 INFO  [restartedMain] org.springframework.boot.web.servlet.context.ServletWebServerApplicationContext:Root WebApplicationContext: initialization completed in 4234 ms
2022-10-12 18:19:38,426 INFO  [restartedMain] org.hibernate.jpa.internal.util.LogHelper:HHH000204: Processing PersistenceUnitInfo [name: default]
2022-10-12 18:19:38,606 INFO  [restartedMain] org.hibernate.Version:HHH000412: Hibernate ORM core version 5.6.11.Final
2022-10-12 18:19:39,157 INFO  [restartedMain] org.hibernate.annotations.common.Version:HCANN000001: Hibernate Commons Annotations {5.1.2.Final}
2022-10-12 18:19:39,504 INFO  [restartedMain] com.zaxxer.hikari.HikariDataSource:HikariPool-1 - Starting...
2022-10-12 18:19:39,881 INFO  [restartedMain] com.zaxxer.hikari.HikariDataSource:HikariPool-1 - Start completed.
2022-10-12 18:19:39,957 INFO  [restartedMain] org.hibernate.dialect.Dialect:HHH000400: Using dialect: org.hibernate.dialect.PostgreSQL9Dialect
2022-10-12 18:19:42,214 INFO  [restartedMain] org.hibernate.engine.transaction.jta.platform.internal.JtaPlatformInitiator:HHH000490: Using JtaPlatform implementation: [org.hibernate.engine.transaction.jta.platform.internal.NoJtaPlatform]
2022-10-12 18:19:42,244 INFO  [restartedMain] org.springframework.orm.jpa.LocalContainerEntityManagerFactoryBean:Initialized JPA EntityManagerFactory for persistence unit 'default'
2022-10-12 18:19:43,090 WARN  [restartedMain] org.springframework.boot.autoconfigure.orm.jpa.JpaBaseConfiguration$JpaWebConfiguration:spring.jpa.open-in-view is enabled by default. Therefore, database queries may be performed during view rendering. Explicitly configure spring.jpa.open-in-view to disable this warning
2022-10-12 18:19:43,990 WARN  [restartedMain] org.springframework.boot.autoconfigure.security.servlet.UserDetailsServiceAutoConfiguration:

Using generated security password: 88fef634-1012-478e-8fcf-2fc02a1a4531

This generated password is for development use only. Your security configuration must be updated before running your application in production.

2022-10-12 18:19:44,347 INFO  [restartedMain] org.springframework.security.web.DefaultSecurityFilterChain:Will secure any request with [org.springframework.security.web.session.DisableEncodeUrlFilter@30f79559, org.springframework.security.web.context.request.async.WebAsyncManagerIntegrationFilter@61c7f802, org.springframework.security.web.context.SecurityContextPersistenceFilter@27387a14, org.springframework.security.web.header.HeaderWriterFilter@53f2f650, org.springframework.security.web.csrf.CsrfFilter@1a1d198f, org.springframework.security.web.authentication.logout.LogoutFilter@7f8955c5, org.springframework.security.web.authentication.UsernamePasswordAuthenticationFilter@1f2d9744, org.springframework.security.web.authentication.ui.DefaultLoginPageGeneratingFilter@56f94652, org.springframework.security.web.authentication.ui.DefaultLogoutPageGeneratingFilter@256e02dd, org.springframework.security.web.authentication.www.BasicAuthenticationFilter@4af3724f, org.springframework.security.web.savedrequest.RequestCacheAwareFilter@20586bd8, org.springframework.security.web.servletapi.SecurityContextHolderAwareRequestFilter@295aa329, org.springframework.security.web.authentication.AnonymousAuthenticationFilter@6dd20e99, org.springframework.security.web.session.SessionManagementFilter@364bb9cf, org.springframework.security.web.access.ExceptionTranslationFilter@2b99cb45, org.springframework.security.web.access.intercept.FilterSecurityInterceptor@1a6968b0]
2022-10-12 18:19:44,537 INFO  [restartedMain] org.springframework.boot.devtools.autoconfigure.OptionalLiveReloadServer:LiveReload server is running on port 35729
2022-10-12 18:19:44,657 INFO  [restartedMain] org.springframework.boot.web.embedded.tomcat.TomcatWebServer:Tomcat started on port(s): 8082 (http) with context path ''
2022-10-12 18:19:44,695 INFO  [restartedMain] com.tpe.SpringBootPrcApplication:Started SpringBootPrcApplication in 12.409 seconds (JVM running for 15.71)
2022-10-12 18:20:24,076 INFO  [http-nio-8082-exec-1] org.apache.catalina.core.ContainerBase.[Tomcat].[localhost].[/]:Initializing Spring DispatcherServlet 'dispatcherServlet'
2022-10-12 18:20:24,530 WARN  [http-nio-8082-exec-1] org.apache.catalina.util.SessionIdGeneratorBase:Creation of SecureRandom instance for session ID generation using [SHA1PRNG] took [344] milliseconds.
2022-10-12 18:22:55,421 INFO  [RMI TCP Connection(2)-127.0.0.1] org.springframework.boot.admin.SpringApplicationAdminMXBeanRegistrar$SpringApplicationAdmin:Application shutdown requested.
2022-10-12 18:22:55,824 INFO  [RMI TCP Connection(2)-127.0.0.1] org.apache.catalina.core.StandardService:Stopping service [Tomcat]
2022-10-12 18:22:55,834 INFO  [RMI TCP Connection(2)-127.0.0.1] org.apache.catalina.core.ContainerBase.[Tomcat].[localhost].[/]:Destroying Spring FrameworkServlet 'dispatcherServlet'
2022-10-12 18:22:55,923 INFO  [RMI TCP Connection(2)-127.0.0.1] org.springframework.orm.jpa.LocalContainerEntityManagerFactoryBean:Closing JPA EntityManagerFactory for persistence unit 'default'
2022-10-12 18:22:55,941 INFO  [RMI TCP Connection(2)-127.0.0.1] com.zaxxer.hikari.HikariDataSource:HikariPool-1 - Shutdown initiated...
2022-10-12 18:22:55,957 INFO  [RMI TCP Connection(2)-127.0.0.1] com.zaxxer.hikari.HikariDataSource:HikariPool-1 - Shutdown completed.
